<?xml version="1.0" encoding="UTF-8"?>
<!-- Generated by org.testng.reporters.JUnitReportReporter -->
<testsuite skipped="0" hostname="ECRNT-100640" name="test.tests.TestCases" tests="1" failures="0" timestamp="28 nov 2018 17:19:30 GMT" time="43.325" errors="0">
  <testcase name="validateInformationTC003" time="43.325" classname="test.tests.TestCases"/>
</testsuite> <!-- test.tests.TestCases -->
