<?xml version="1.0" encoding="UTF-8"?>
<!-- Generated by org.testng.reporters.JUnitReportReporter -->
<testsuite skipped="0" hostname="ECRNT-100640" name="test.tests.TC001Login" tests="1" failures="0" timestamp="19 nov 2018 11:56:37 GMT" time="5.386" errors="0">
  <testcase name="validateLogin" time="5.386" classname="test.tests.TC001Login"/>
</testsuite> <!-- test.tests.TC001Login -->
