<?xml version="1.0" encoding="UTF-8"?>
<!-- Generated by org.testng.reporters.JUnitReportReporter -->
<testsuite skipped="0" hostname="ECRNT-100640" name="test.tests.LoginTests" tests="1" failures="0" timestamp="24 fev 2019 19:09:09 GMT" time="24.103" errors="0">
  <testcase name="loginPositiveTest" time="24.103" classname="test.tests.LoginTests"/>
</testsuite> <!-- test.tests.LoginTests -->
